<?xml version="1.0"?>
<testsuite name="Chrome 66.0.3359 (Mac OS X 10.13.3)" package="Web Shop" timestamp="2018-05-02T12:12:38" id="0" hostname="Adedejis-MacBook-Pro-5.local" tests="8" errors="0" failures="0" time="0">
  <properties>
    <property name="browser.fullName" value="Mozilla/5.0 (Macintosh; Intel Mac OS X 10_13_3) AppleWebKit/537.36 (KHTML, like Gecko) Chrome/66.0.3359.139 Safari/537.36"/>
  </properties>
  <testcase name="sample tests our first Jasmine tests should be the same array" time="0" classname="Chrome_66_0_3359_(Mac_OS_X_10_13_3).Web Shop.sample tests"/>
  <testcase name="sample tests our first Jasmine tests should be the same object" time="0" classname="Chrome_66_0_3359_(Mac_OS_X_10_13_3).Web Shop.sample tests"/>
  <testcase name="sample tests our first Jasmine tests should succeed" time="0" classname="Chrome_66_0_3359_(Mac_OS_X_10_13_3).Web Shop.sample tests"/>
  <testcase name="sample tests web app tests shopping cart controller should update the order total when a product is removed " time="0" classname="Chrome_66_0_3359_(Mac_OS_X_10_13_3).Web Shop.sample tests"/>
  <testcase name="sample tests web app tests shopping cart controller should update the order total when a product is added" time="0" classname="Chrome_66_0_3359_(Mac_OS_X_10_13_3).Web Shop.sample tests"/>
  <testcase name="sample tests web app tests shopping cart controller should update the line sub total when a product is added" time="0" classname="Chrome_66_0_3359_(Mac_OS_X_10_13_3).Web Shop.sample tests"/>
  <testcase name="sample tests setup and teardown tests should do stuff with something" time="0" classname="Chrome_66_0_3359_(Mac_OS_X_10_13_3).Web Shop.sample tests"/>
  <testcase name="sample tests spy tests should add 1 and 2  and call on the the add function" time="0" classname="Chrome_66_0_3359_(Mac_OS_X_10_13_3).Web Shop.sample tests"/>
  <system-out>
    <![CDATA[
]]>
  </system-out>
  <system-err/>
</testsuite>